[0m[1maws_iam_role.role: Refreshing state... (ID: egimenez_exam-role)[0m
[0m[1maws_lambda_function.examen: Refreshing state... (ID: egimenez_exam_convert_to_csv)[0m
[0m[1mmodule.lambda.aws_lambda_function.examen: Destroying... (ID: egimenez_exam_convert_to_csv)[0m[0m
[0m[1mmodule.s3.aws_s3_bucket.destino: Creating...[0m
  acceleration_status:     "" => "<computed>"
  acl:                     "" => "private"
  arn:                     "" => "<computed>"
  bucket:                  "" => "egimenez-exam-destino"
  bucket_domain_name:      "" => "<computed>"
  force_destroy:           "" => "false"
  hosted_zone_id:          "" => "<computed>"
  region:                  "" => "eu-west-1"
  request_payer:           "" => "<computed>"
  versioning.#:            "" => "1"
  versioning.0.enabled:    "" => "true"
  versioning.0.mfa_delete: "" => "false"
  website_domain:          "" => "<computed>"
  website_endpoint:        "" => "<computed>"[0m
[0m[1mmodule.s3.aws_s3_bucket.origen: Creating...[0m
  acceleration_status:     "" => "<computed>"
  acl:                     "" => "private"
  arn:                     "" => "<computed>"
  bucket:                  "" => "egimenez-exam-origen"
  bucket_domain_name:      "" => "<computed>"
  force_destroy:           "" => "false"
  hosted_zone_id:          "" => "<computed>"
  region:                  "" => "eu-west-1"
  request_payer:           "" => "<computed>"
  versioning.#:            "" => "1"
  versioning.0.enabled:    "" => "true"
  versioning.0.mfa_delete: "" => "false"
  website_domain:          "" => "<computed>"
  website_endpoint:        "" => "<computed>"[0m
[0m[1mmodule.lambda.aws_lambda_function.examen: Destruction complete[0m[0m
[0m[1mmodule.lambda.aws_iam_role.role: Destroying... (ID: egimenez_exam-role)[0m[0m
[0m[1mmodule.lambda.aws_iam_role.role: Destruction complete[0m[0m
[0m[1mmodule.lambda.aws_iam_role.role: Creating...[0m
  arn:                "" => "<computed>"
  assume_role_policy: "" => "{\n  \"Version\": \"2012-10-17\",\n  \"Statement\": [\n    {\n      \"Action\": \"sts:AssumeRole\",\n      \"Principal\": {\n        \"Service\": \"lambda.amazonaws.com\"\n      },\n      \"Effect\": \"Allow\",\n      \"Sid\": \"\"\n    }\n  ]\n}\n"
  create_date:        "" => "<computed>"
  name:               "" => "egimenez-exam-role"
  path:               "" => "/"
  unique_id:          "" => "<computed>"[0m
[0m[1mmodule.lambda.aws_iam_role.role: Creation complete (ID: egimenez-exam-role)[0m[0m
[0m[1mmodule.lambda.aws_lambda_function.examen: Creating...[0m
  arn:              "" => "<computed>"
  filename:         "" => "/home/eduardogimenez/repositorio/examen/terraform/.terraform/modules/2ee61d464ebad44d9d1d616560f79bb1/functions/lambda_nodejs.zip"
  function_name:    "" => "egimenez-exam_convert_to_csv"
  handler:          "" => "convert.js"
  invoke_arn:       "" => "<computed>"
  last_modified:    "" => "<computed>"
  memory_size:      "" => "128"
  publish:          "" => "false"
  qualified_arn:    "" => "<computed>"
  role:             "" => "arn:aws:iam::502958579293:role/egimenez-exam-role"
  runtime:          "" => "nodejs6.10"
  source_code_hash: "" => "FAT5FffIFACUBnTFhxA730WezYOLQDCvR2I9ZX9FrcU="
  timeout:          "" => "5"
  tracing_config.#: "" => "<computed>"
  version:          "" => "<computed>"[0m
[0m[1mmodule.s3.aws_s3_bucket.destino: Creation complete (ID: egimenez-exam-destino)[0m[0m
[0m[1mmodule.s3.aws_s3_bucket.origen: Creation complete (ID: egimenez-exam-origen)[0m[0m
[0m[1mmodule.lambda.aws_sns_topic.topic: Creating...[0m
  arn:    "" => "<computed>"
  name:   "" => "s3-event-notification-topic"
  policy: "" => "{\"Statement\":[{\"Action\":\"SNS:Publish\",\"Condition\":{\"ArnLike\":{\"aws:SourceArn\":\"arn:aws:s3:::egimenez-exam-origen\"}},\"Effect\":\"Allow\",\"Principal\":{\"AWS\":\"*\"},\"Resource\":\"arn:aws:sns:*:*:s3-event-notification-topic\"}],\"Version\":\"2012-10-17\"}"[0m
[0m[1mmodule.lambda.aws_sns_topic.topic: Creation complete (ID: arn:aws:sns:eu-west-1:502958579293:s3-event-notification-topic)[0m[0m
[0m[1mmodule.lambda.aws_s3_bucket_notification.bucket_notification: Creating...[0m
  bucket:                    "" => "egimenez-exam-origen"
  topic.#:                   "" => "1"
  topic.0.events.#:          "" => "1"
  topic.0.events.3356830603: "" => "s3:ObjectCreated:*"
  topic.0.filter_suffix:     "" => ".log"
  topic.0.id:                "" => "<computed>"
  topic.0.topic_arn:         "" => "arn:aws:sns:eu-west-1:502958579293:s3-event-notification-topic"[0m
[0m[1mmodule.lambda.aws_s3_bucket_notification.bucket_notification: Creation complete (ID: egimenez-exam-origen)[0m[0m
[0m[1mmodule.lambda.aws_lambda_function.examen: Still creating... (10s elapsed)[0m[0m
[0m[1mmodule.lambda.aws_lambda_function.examen: Still creating... (20s elapsed)[0m[0m
[0m[1mmodule.lambda.aws_lambda_function.examen: Creation complete (ID: egimenez-exam_convert_to_csv)[0m[0m
[0m[1mmodule.lambda.aws_lambda_permission.allow_cloudwatch: Creating...[0m
  action:        "" => "lambda:InvokeFunction"
  function_name: "" => "egimenez-exam_convert_to_csv"
  principal:     "" => "s3.amazonaws.com"
  source_arn:    "" => "arn:aws:s3:::egimenez-exam-origen"
  statement_id:  "" => "AllowExecutionFromCloudWatch"[0m
[0m[1mmodule.lambda.aws_lambda_permission.allow_cloudwatch: Creation complete (ID: AllowExecutionFromCloudWatch)[0m[0m
[0m[1m[32m
Apply complete! Resources: 7 added, 0 changed, 2 destroyed.[0m
[0m
The state of your infrastructure has been saved to the path
below. This state is required to modify and destroy your
infrastructure, so keep it safe. To inspect the complete state
use the `terraform show` command.

State path: [0m
[0m[1m[32m
Outputs:

lambda_name = arn:aws:lambda:eu-west-1:502958579293:function:egimenez-exam_convert_to_csv[0m
